<?xml version="1.0" encoding="UTF-8"?>
<testng-results skipped="0" failed="0" ignored="0" total="1" passed="1">
  <reporter-output>
  </reporter-output>
  <suite name="Default suite" duration-ms="18082" started-at="2018-01-20T17:07:40Z" finished-at="2018-01-20T17:07:58Z">
    <groups>
    </groups>
    <test name="Default test" duration-ms="18082" started-at="2018-01-20T17:07:40Z" finished-at="2018-01-20T17:07:58Z">
      <class name="annotations.Annotations">
        <test-method status="PASS" signature="launchBrowser()[pri:0, instance:annotations.Annotations@1500955a]" name="launchBrowser" is-config="true" duration-ms="15954" started-at="2018-01-20T22:37:40Z" finished-at="2018-01-20T22:37:56Z">
          <reporter-output>
          </reporter-output>
        </test-method> <!-- launchBrowser -->
        <test-method status="PASS" signature="testTitle()[pri:0, instance:annotations.Annotations@1500955a]" name="testTitle" duration-ms="72" started-at="2018-01-20T22:37:56Z" finished-at="2018-01-20T22:37:56Z">
          <reporter-output>
          </reporter-output>
        </test-method> <!-- testTitle -->
        <test-method status="PASS" signature="terminateBrowser()[pri:0, instance:annotations.Annotations@1500955a]" name="terminateBrowser" is-config="true" duration-ms="2030" started-at="2018-01-20T22:37:56Z" finished-at="2018-01-20T22:37:58Z">
          <reporter-output>
          </reporter-output>
        </test-method> <!-- terminateBrowser -->
      </class> <!-- annotations.Annotations -->
    </test> <!-- Default test -->
  </suite> <!-- Default suite -->
</testng-results>
